<?xml version="1.0" encoding="UTF-8" ?>
<testsuite tests="19" failures="0" name="se.lth.base.server.user.UserResourceTest" time="4.104" errors="0" skipped="0">
  <properties>
    <property name="java.runtime.name" value="Java(TM) SE Runtime Environment"/>
    <property name="java.vm.version" value="11.0.5+10-LTS"/>
    <property name="sun.boot.library.path" value="/Library/Java/JavaVirtualMachines/jdk-11.0.5.jdk/Contents/Home/lib"/>
    <property name="gopherProxySet" value="false"/>
    <property name="maven.multiModuleProjectDirectory" value="/Users/jungwooram/Desktop/Git/CaseStudy/largesofteng/base/server"/>
    <property name="java.vm.vendor" value="Oracle Corporation"/>
    <property name="java.vendor.url" value="http://java.oracle.com/"/>
    <property name="guice.disable.misplaced.annotation.check" value="true"/>
    <property name="path.separator" value=":"/>
    <property name="java.vm.name" value="Java HotSpot(TM) 64-Bit Server VM"/>
    <property name="sun.os.patch.level" value="unknown"/>
    <property name="user.country" value="SE"/>
    <property name="sun.java.launcher" value="SUN_STANDARD"/>
    <property name="java.vm.specification.name" value="Java Virtual Machine Specification"/>
    <property name="user.dir" value="/Users/jungwooram/Desktop/Git/CaseStudy/largesofteng/base/server"/>
    <property name="java.vm.compressedOopsMode" value="Zero based"/>
    <property name="java.runtime.version" value="11.0.5+10-LTS"/>
    <property name="java.awt.graphicsenv" value="sun.awt.CGraphicsEnvironment"/>
    <property name="os.arch" value="x86_64"/>
    <property name="java.io.tmpdir" value="/var/folders/0l/g4hgm_0n7m36dqhh56kc6vbm0000gn/T/"/>
    <property name="line.separator" value="
"/>
    <property name="java.vm.specification.vendor" value="Oracle Corporation"/>
    <property name="os.name" value="Mac OS X"/>
    <property name="classworlds.conf" value="/usr/local/Cellar/maven/3.6.3/libexec/bin/m2.conf"/>
    <property name="sun.jnu.encoding" value="UTF-8"/>
    <property name="java.library.path" value="/Users/jungwooram/Library/Java/Extensions:/Library/Java/Extensions:/Network/Library/Java/Extensions:/System/Library/Java/Extensions:/usr/lib/java:."/>
    <property name="maven.conf" value="/usr/local/Cellar/maven/3.6.3/libexec/conf"/>
    <property name="jdk.debug" value="release"/>
    <property name="java.class.version" value="55.0"/>
    <property name="java.specification.name" value="Java Platform API Specification"/>
    <property name="sun.management.compiler" value="HotSpot 64-Bit Tiered Compilers"/>
    <property name="os.version" value="10.15.3"/>
    <property name="library.jansi.path" value="/usr/local/Cellar/maven/3.6.3/libexec/lib/jansi-native"/>
    <property name="http.nonProxyHosts" value="local|*.local|169.254/16|*.169.254/16"/>
    <property name="user.home" value="/Users/jungwooram"/>
    <property name="user.timezone" value="Europe/Stockholm"/>
    <property name="java.awt.printerjob" value="sun.lwawt.macosx.CPrinterJob"/>
    <property name="file.encoding" value="UTF-8"/>
    <property name="java.specification.version" value="11"/>
    <property name="user.name" value="jungwooram"/>
    <property name="java.class.path" value="/usr/local/Cellar/maven/3.6.3/libexec/boot/plexus-classworlds-2.6.0.jar"/>
    <property name="java.vm.specification.version" value="11"/>
    <property name="sun.arch.data.model" value="64"/>
    <property name="sun.java.command" value="org.codehaus.plexus.classworlds.launcher.Launcher clean package"/>
    <property name="java.home" value="/Library/Java/JavaVirtualMachines/jdk-11.0.5.jdk/Contents/Home"/>
    <property name="user.language" value="ko"/>
    <property name="java.specification.vendor" value="Oracle Corporation"/>
    <property name="awt.toolkit" value="sun.lwawt.macosx.LWCToolkit"/>
    <property name="java.vm.info" value="mixed mode"/>
    <property name="java.version" value="11.0.5"/>
    <property name="java.vendor" value="Oracle Corporation"/>
    <property name="maven.home" value="/usr/local/Cellar/maven/3.6.3/libexec"/>
    <property name="file.separator" value="/"/>
    <property name="java.version.date" value="2019-10-15"/>
    <property name="java.vendor.url.bug" value="http://bugreport.java.com/bugreport/"/>
    <property name="sun.io.unicode.encoding" value="UnicodeBig"/>
    <property name="sun.cpu.endian" value="little"/>
    <property name="java.vendor.version" value="18.9"/>
    <property name="socksNonProxyHosts" value="local|*.local|169.254/16|*.169.254/16"/>
    <property name="ftp.nonProxyHosts" value="local|*.local|169.254/16|*.169.254/16"/>
    <property name="sun.cpu.isalist" value=""/>
  </properties>
  <testcase classname="se.lth.base.server.user.UserResourceTest" name="dontDeleteYourself" time="1.324"/>
  <testcase classname="se.lth.base.server.user.UserResourceTest" name="getAllUsersAsUser" time="0.204"/>
  <testcase classname="se.lth.base.server.user.UserResourceTest" name="testAddUser" time="0.229"/>
  <testcase classname="se.lth.base.server.user.UserResourceTest" name="createUserAsUser" time="0.192"/>
  <testcase classname="se.lth.base.server.user.UserResourceTest" name="logout" time="0.261"/>
  <testcase classname="se.lth.base.server.user.UserResourceTest" name="deleteUserAsUser" time="0.241"/>
  <testcase classname="se.lth.base.server.user.UserResourceTest" name="getAllUsers" time="0.281"/>
  <testcase classname="se.lth.base.server.user.UserResourceTest" name="updateMissing" time="0.201"/>
  <testcase classname="se.lth.base.server.user.UserResourceTest" name="updateUser" time="0.172"/>
  <testcase classname="se.lth.base.server.user.UserResourceTest" name="getUser" time="0.104"/>
  <testcase classname="se.lth.base.server.user.UserResourceTest" name="loginRememberMeCookie" time="0.101"/>
  <testcase classname="se.lth.base.server.user.UserResourceTest" name="loginCookies" time="0.108"/>
  <testcase classname="se.lth.base.server.user.UserResourceTest" name="getUserAsUser" time="0.132"/>
  <testcase classname="se.lth.base.server.user.UserResourceTest" name="deleteMissing" time="0.088"/>
  <testcase classname="se.lth.base.server.user.UserResourceTest" name="notAuthenticatedGetAllUsers" time="0.089"/>
  <testcase classname="se.lth.base.server.user.UserResourceTest" name="deleteTestUser" time="0.094"/>
  <testcase classname="se.lth.base.server.user.UserResourceTest" name="dontDemoteYourself" time="0.095"/>
  <testcase classname="se.lth.base.server.user.UserResourceTest" name="getRoles" time="0.105"/>
  <testcase classname="se.lth.base.server.user.UserResourceTest" name="notAuthenticatedCurrentUser" time="0.083"/>
</testsuite>